app/build/intermediates/manifest_merge_blame_file/debug/manifest-merger-blame-debug-report.txt
1<?xml version="1.0" encoding="utf-8"?>
2<manifest xmlns:android="http://schemas.android.com/apk/res/android"
3    package="com.example.broadcastfunapp"
4    android:versionCode="1"
5    android:versionName="1.0" >
6
7    <uses-sdk
8        android:minSdkVersion="24"
9        android:targetSdkVersion="34" />
10
11    <uses-permission android:name="android.permission.ACCESS_WIFI_STATE" />
11-->src\main\AndroidManifest.xml:5:5-76
11-->src\main\AndroidManifest.xml:5:22-73
12    <uses-permission android:name="android.permission.ACCESS_NETWORK_STATE" />
12-->src\main\AndroidManifest.xml:6:5-79
12-->src\main\AndroidManifest.xml:6:22-76
13    <uses-permission android:name="android.permission.READ_PHONE_STATE" />
13-->src\main\AndroidManifest.xml:7:5-75
13-->src\main\AndroidManifest.xml:7:22-72
14
15    <permission
15-->[androidx.core:core:1.9.0] AndroidManifest.xml:22:5-24:47
16        android:name="com.example.broadcastfunapp.DYNAMIC_RECEIVER_NOT_EXPORTED_PERMISSION"
16-->[androidx.core:core:1.9.0] AndroidManifest.xml:23:9-81
17        android:protectionLevel="signature" />
17-->[androidx.core:core:1.9.0] AndroidManifest.xml:24:9-44
18
19    <uses-permission android:name="com.example.broadcastfunapp.DYNAMIC_RECEIVER_NOT_EXPORTED_PERMISSION" />
19-->[androidx.core:core:1.9.0] AndroidManifest.xml:26:5-97
19-->[androidx.core:core:1.9.0] AndroidManifest.xml:26:22-94
20
21    <application
21-->src\main\AndroidManifest.xml:9:5-48:19
22        android:allowBackup="true"
22-->src\main\AndroidManifest.xml:10:9-35
23        android:appComponentFactory="androidx.core.app.CoreComponentFactory"
23-->[androidx.core:core:1.9.0] AndroidManifest.xml:28:18-86
24        android:dataExtractionRules="@xml/data_extraction_rules"
24-->src\main\AndroidManifest.xml:11:9-65
25        android:debuggable="true"
26        android:extractNativeLibs="false"
27        android:fullBackupContent="@xml/backup_rules"
27-->src\main\AndroidManifest.xml:12:9-54
28        android:icon="@mipmap/ic_launcher"
28-->src\main\AndroidManifest.xml:13:9-43
29        android:label="@string/app_name"
29-->src\main\AndroidManifest.xml:14:9-41
30        android:roundIcon="@mipmap/ic_launcher_round"
30-->src\main\AndroidManifest.xml:15:9-54
31        android:supportsRtl="true"
31-->src\main\AndroidManifest.xml:16:9-35
32        android:testOnly="true"
33        android:theme="@style/Theme.BroadcastFunApp" >
33-->src\main\AndroidManifest.xml:17:9-53
34        <receiver
34-->src\main\AndroidManifest.xml:19:9-26:20
35            android:name="com.example.broadcastfunapp.BatteryPercentageActivity2"
35-->src\main\AndroidManifest.xml:20:13-55
36            android:exported="true" >
36-->src\main\AndroidManifest.xml:21:13-36
37            <intent-filter>
37-->src\main\AndroidManifest.xml:22:13-25:29
38                <action android:name="android.intent.action.ACTION_POWER_CONNECTED" />
38-->src\main\AndroidManifest.xml:23:17-86
38-->src\main\AndroidManifest.xml:23:25-84
39                <action android:name="android.intent.action.ACTION_POWER_DISCONNECTED" />
39-->src\main\AndroidManifest.xml:24:17-89
39-->src\main\AndroidManifest.xml:24:25-87
40            </intent-filter>
41        </receiver>
42
43        <activity
43-->src\main\AndroidManifest.xml:27:9-29:40
44            android:name="com.example.broadcastfunapp.BatteryPercentageActivity2"
44-->src\main\AndroidManifest.xml:28:13-55
45            android:exported="false" />
45-->src\main\AndroidManifest.xml:29:13-37
46        <activity
46-->src\main\AndroidManifest.xml:30:9-32:40
47            android:name="com.example.broadcastfunapp.CustomBroadcastActivity"
47-->src\main\AndroidManifest.xml:31:13-52
48            android:exported="false" />
48-->src\main\AndroidManifest.xml:32:13-37
49        <activity
49-->src\main\AndroidManifest.xml:33:9-35:40
50            android:name="com.example.broadcastfunapp.WifiStateActivity"
50-->src\main\AndroidManifest.xml:34:13-46
51            android:exported="false" />
51-->src\main\AndroidManifest.xml:35:13-37
52        <activity
52-->src\main\AndroidManifest.xml:36:9-38:40
53            android:name="com.example.broadcastfunapp.BatteryPercentageActivity"
53-->src\main\AndroidManifest.xml:37:13-54
54            android:exported="false" />
54-->src\main\AndroidManifest.xml:38:13-37
55        <activity
55-->src\main\AndroidManifest.xml:39:9-47:20
56            android:name="com.example.broadcastfunapp.MainActivity"
56-->src\main\AndroidManifest.xml:40:13-41
57            android:exported="true" >
57-->src\main\AndroidManifest.xml:41:13-36
58            <intent-filter>
58-->src\main\AndroidManifest.xml:42:13-46:29
59                <action android:name="android.intent.action.MAIN" />
59-->src\main\AndroidManifest.xml:43:17-69
59-->src\main\AndroidManifest.xml:43:25-66
60
61                <category android:name="android.intent.category.LAUNCHER" />
61-->src\main\AndroidManifest.xml:45:17-77
61-->src\main\AndroidManifest.xml:45:27-74
62            </intent-filter>
63        </activity>
64
65        <provider
65-->[androidx.emoji2:emoji2:1.2.0] AndroidManifest.xml:24:9-32:20
66            android:name="androidx.startup.InitializationProvider"
66-->[androidx.emoji2:emoji2:1.2.0] AndroidManifest.xml:25:13-67
67            android:authorities="com.example.broadcastfunapp.androidx-startup"
67-->[androidx.emoji2:emoji2:1.2.0] AndroidManifest.xml:26:13-68
68            android:exported="false" >
68-->[androidx.emoji2:emoji2:1.2.0] AndroidManifest.xml:27:13-37
69            <meta-data
69-->[androidx.emoji2:emoji2:1.2.0] AndroidManifest.xml:29:13-31:52
70                android:name="androidx.emoji2.text.EmojiCompatInitializer"
70-->[androidx.emoji2:emoji2:1.2.0] AndroidManifest.xml:30:17-75
71                android:value="androidx.startup" />
71-->[androidx.emoji2:emoji2:1.2.0] AndroidManifest.xml:31:17-49
72            <meta-data
72-->[androidx.lifecycle:lifecycle-process:2.6.1] AndroidManifest.xml:29:13-31:52
73                android:name="androidx.lifecycle.ProcessLifecycleInitializer"
73-->[androidx.lifecycle:lifecycle-process:2.6.1] AndroidManifest.xml:30:17-78
74                android:value="androidx.startup" />
74-->[androidx.lifecycle:lifecycle-process:2.6.1] AndroidManifest.xml:31:17-49
75            <meta-data
75-->[androidx.profileinstaller:profileinstaller:1.3.0] AndroidManifest.xml:29:13-31:52
76                android:name="androidx.profileinstaller.ProfileInstallerInitializer"
76-->[androidx.profileinstaller:profileinstaller:1.3.0] AndroidManifest.xml:30:17-85
77                android:value="androidx.startup" />
77-->[androidx.profileinstaller:profileinstaller:1.3.0] AndroidManifest.xml:31:17-49
78        </provider>
79
80        <receiver
80-->[androidx.profileinstaller:profileinstaller:1.3.0] AndroidManifest.xml:34:9-52:20
81            android:name="androidx.profileinstaller.ProfileInstallReceiver"
81-->[androidx.profileinstaller:profileinstaller:1.3.0] AndroidManifest.xml:35:13-76
82            android:directBootAware="false"
82-->[androidx.profileinstaller:profileinstaller:1.3.0] AndroidManifest.xml:36:13-44
83            android:enabled="true"
83-->[androidx.profileinstaller:profileinstaller:1.3.0] AndroidManifest.xml:37:13-35
84            android:exported="true"
84-->[androidx.profileinstaller:profileinstaller:1.3.0] AndroidManifest.xml:38:13-36
85            android:permission="android.permission.DUMP" >
85-->[androidx.profileinstaller:profileinstaller:1.3.0] AndroidManifest.xml:39:13-57
86            <intent-filter>
86-->[androidx.profileinstaller:profileinstaller:1.3.0] AndroidManifest.xml:40:13-42:29
87                <action android:name="androidx.profileinstaller.action.INSTALL_PROFILE" />
87-->[androidx.profileinstaller:profileinstaller:1.3.0] AndroidManifest.xml:41:17-91
87-->[androidx.profileinstaller:profileinstaller:1.3.0] AndroidManifest.xml:41:25-88
88            </intent-filter>
89            <intent-filter>
89-->[androidx.profileinstaller:profileinstaller:1.3.0] AndroidManifest.xml:43:13-45:29
90                <action android:name="androidx.profileinstaller.action.SKIP_FILE" />
90-->[androidx.profileinstaller:profileinstaller:1.3.0] AndroidManifest.xml:44:17-85
90-->[androidx.profileinstaller:profileinstaller:1.3.0] AndroidManifest.xml:44:25-82
91            </intent-filter>
92            <intent-filter>
92-->[androidx.profileinstaller:profileinstaller:1.3.0] AndroidManifest.xml:46:13-48:29
93                <action android:name="androidx.profileinstaller.action.SAVE_PROFILE" />
93-->[androidx.profileinstaller:profileinstaller:1.3.0] AndroidManifest.xml:47:17-88
93-->[androidx.profileinstaller:profileinstaller:1.3.0] AndroidManifest.xml:47:25-85
94            </intent-filter>
95            <intent-filter>
95-->[androidx.profileinstaller:profileinstaller:1.3.0] AndroidManifest.xml:49:13-51:29
96                <action android:name="androidx.profileinstaller.action.BENCHMARK_OPERATION" />
96-->[androidx.profileinstaller:profileinstaller:1.3.0] AndroidManifest.xml:50:17-95
96-->[androidx.profileinstaller:profileinstaller:1.3.0] AndroidManifest.xml:50:25-92
97            </intent-filter>
98        </receiver>
99    </application>
100
101</manifest>